<?xml version="1.0" encoding="UTF-8"?>
<!-- Generated by org.testng.reporters.JUnitReportReporter -->
<testsuite hostname="sipl-124" name="timesheet.Cart" tests="1" failures="0" timestamp="3 Jul 2020 17:06:26 GMT" time="21.049" errors="0">
  <testcase name="Initialization" time="21.049" classname="timesheet.Cart"/>
</testsuite> <!-- timesheet.Cart -->
