<?xml version="1.0" encoding="UTF-8"?>
<!-- Generated by org.testng.reporters.JUnitReportReporter -->
<testsuite hostname="sipl-124" name="API_Scenario.api" tests="5" failures="0" timestamp="7 Aug 2020 10:40:26 GMT" time="11.435" errors="0">
  <testcase name="getStation" time="0.820" classname="API_Scenario.api"/>
  <testcase name="postStationWithKey" time="9.243" classname="API_Scenario.api"/>
  <testcase name="deleteRequest" time="0.602" classname="API_Scenario.api"/>
  <testcase name="getStationWithoutKey" time="0.155" classname="API_Scenario.api"/>
  <testcase name="getdeleteRequest" time="0.615" classname="API_Scenario.api"/>
</testsuite> <!-- API_Scenario.api -->
