<?xml version="1.0" encoding="UTF-8"?>
<!-- Generated by org.testng.reporters.JUnitReportReporter -->
<testsuite hostname="sipl-124" name="timesheet.HomePage" tests="1" failures="0" timestamp="2 Aug 2020 09:37:14 GMT" time="35.053" errors="0">
  <testcase name="Initialization" time="35.053" classname="timesheet.HomePage"/>
</testsuite> <!-- timesheet.HomePage -->
